<?xml version="1.0" encoding="UTF-8"?>
<testsuite name="m0o0o0o.jacoco.jacocostudy.CalculatorTest" tests="1" skipped="0" failures="0" errors="0" timestamp="2023-02-07T08:38:55" hostname="imuyeol-ui-MacBookPro.local" time="0.016">
  <properties/>
  <testcase name="test()" classname="m0o0o0o.jacoco.jacocostudy.CalculatorTest" time="0.016"/>
  <system-out><![CDATA[]]></system-out>
  <system-err><![CDATA[]]></system-err>
</testsuite>
